10:13:25 6942  [Plat]  获取文件夹列表明细失败：操作超时
10:13:25 7471  [Plat]  获取文件夹列表失败：获取文件夹列表明细失败：操作超时
10:16:21 6233  [Plat]  获取文件夹列表明细失败：操作超时
10:16:21 7132  [Plat]  获取文件夹列表失败：获取文件夹列表明细失败：操作超时
10:29:08 0629  [Plat]  获取文件夹列表明细失败：远程服务器返回错误: (530) 未登录。
10:29:14 1364  [Plat]  获取文件夹列表失败：获取文件夹列表明细失败：远程服务器返回错误: (530) 未登录。
10:30:35 1904  [Plat]  获取文件夹列表明细失败：远程服务器返回错误: (530) 未登录。
10:30:35 2464  [Plat]  获取文件夹列表失败：获取文件夹列表明细失败：远程服务器返回错误: (530) 未登录。
10:30:42 3413  [Plat]  获取文件夹列表明细失败：远程服务器返回错误: (530) 未登录。
10:30:42 3912  [Plat]  获取文件夹列表失败：获取文件夹列表明细失败：远程服务器返回错误: (530) 未登录。
10:31:27 0103  [Plat]  获取文件夹列表明细失败：远程服务器返回错误: (530) 未登录。
10:31:27 0633  [Plat]  获取文件夹列表明细失败：远程服务器返回错误: (530) 未登录。
11:16:50 4777  [Plat]  获取文件大小失败：远程服务器返回错误: (550) 文件不可用(例如，未找到文件，无法访问文件)。
11:16:50 5477  [Plat]  下载文件失败：获取文件大小失败：远程服务器返回错误: (550) 文件不可用(例如，未找到文件，无法访问文件)。
11:18:57 0903  [Plat]  下载文件失败：尝试除以零。
11:22:17 0324  [Plat]  下载文件失败：尝试除以零。
11:25:47 5834  [Plat]  下载文件失败：尝试除以零。
11:35:05 1155  [Plat]  下载文件失败：索引(从零开始)必须大于或等于零，且小于参数列表的大小。
13:26:46 8777  [Plat]  获取文件大小失败：远程服务器返回错误: (550) 文件不可用(例如，未找到文件，无法访问文件)。
13:26:46 9496  [Plat]  上传文件失败：获取文件大小失败：远程服务器返回错误: (550) 文件不可用(例如，未找到文件，无法访问文件)。
13:27:19 5724  [Plat]  获取文件大小失败：远程服务器返回错误: (550) 文件不可用(例如，未找到文件，无法访问文件)。
